<?xml version="1.0" encoding="UTF-8"?>
<!-- Generated by org.testng.reporters.JUnitReportReporter -->
<testsuite name="com.epam.task3.test.TXTFileWorkerDAOTest" tests="25" time="0.016" ignored="0" failures="0" timestamp="08 Feb 2017 09:16:47 GMT" skipped="0" hostname="EPBYMINW0820" errors="0">
  <testcase name="testPositiveSearchNewsInFIle" time="0.000" classname="com.epam.task3.test.TXTFileWorkerDAOTest"/>
  <testcase name="testPositiveSearchNewsInFIle" time="0.000" classname="com.epam.task3.test.TXTFileWorkerDAOTest"/>
  <testcase name="testPositiveSearchNewsInFIle" time="0.000" classname="com.epam.task3.test.TXTFileWorkerDAOTest"/>
  <testcase name="testPositiveSearchNewsInFIle" time="0.000" classname="com.epam.task3.test.TXTFileWorkerDAOTest"/>
  <testcase name="testPositiveSearchNewsInFIle" time="0.000" classname="com.epam.task3.test.TXTFileWorkerDAOTest"/>
  <testcase name="testPositiveAddItem" time="0.000" classname="com.epam.task3.test.TXTFileWorkerDAOTest"/>
  <testcase name="testPositiveAddItem" time="0.000" classname="com.epam.task3.test.TXTFileWorkerDAOTest"/>
  <testcase name="testPositiveSearchNewsInFIle" time="0.000" classname="com.epam.task3.test.TXTFileWorkerDAOTest"/>
  <testcase name="testPositiveAddItem" time="0.000" classname="com.epam.task3.test.TXTFileWorkerDAOTest"/>
  <testcase name="testPositiveSearchNewsInFIle" time="0.000" classname="com.epam.task3.test.TXTFileWorkerDAOTest"/>
  <testcase name="testNegativeSearchNewsInFIle" time="0.000" classname="com.epam.task3.test.TXTFileWorkerDAOTest"/>
  <testcase name="testPositiveSearchNewsInFIle" time="0.000" classname="com.epam.task3.test.TXTFileWorkerDAOTest"/>
  <testcase name="testPositiveSearchNewsInFIle" time="0.000" classname="com.epam.task3.test.TXTFileWorkerDAOTest"/>
  <testcase name="testNegativeSearchNewsInFIle" time="0.000" classname="com.epam.task3.test.TXTFileWorkerDAOTest"/>
  <testcase name="testPositiveSearchNewsInFIle" time="0.000" classname="com.epam.task3.test.TXTFileWorkerDAOTest"/>
  <testcase name="testPositiveSearchNewsInFIle" time="0.000" classname="com.epam.task3.test.TXTFileWorkerDAOTest"/>
  <testcase name="testNegativeSearchNewsInFIle" time="0.000" classname="com.epam.task3.test.TXTFileWorkerDAOTest"/>
  <testcase name="testPositiveSearchNewsInFIle" time="0.000" classname="com.epam.task3.test.TXTFileWorkerDAOTest"/>
  <testcase name="testNegativeSearchNewsInFIle" time="0.000" classname="com.epam.task3.test.TXTFileWorkerDAOTest"/>
  <testcase name="testNegativeSearchNewsInFIle" time="0.000" classname="com.epam.task3.test.TXTFileWorkerDAOTest"/>
  <testcase name="testPositiveSearchNewsInFIle" time="0.000" classname="com.epam.task3.test.TXTFileWorkerDAOTest"/>
  <testcase name="testNegativeSearchNewsInFIle" time="0.016" classname="com.epam.task3.test.TXTFileWorkerDAOTest"/>
  <testcase name="testPositiveSearchNewsInFIle" time="0.000" classname="com.epam.task3.test.TXTFileWorkerDAOTest"/>
  <testcase name="testPositiveAddItem" time="0.000" classname="com.epam.task3.test.TXTFileWorkerDAOTest"/>
  <testcase name="testNegativeSearchNewsInFIle" time="0.000" classname="com.epam.task3.test.TXTFileWorkerDAOTest"/>
</testsuite> <!-- com.epam.task3.test.TXTFileWorkerDAOTest -->
